<?xml version="1.0" encoding="UTF-8"?>
<!-- Generated by org.testng.reporters.JUnitReportReporter -->
<testsuite hostname="TMZ-DPC-2165" failures="0" tests="1" name="com.cucumber.HookClass" time="30.924" errors="0" timestamp="2023-11-01T18:12:59 IST" skipped="0">
  <testcase classname="com.cucumber.HookClass" name="setup" time="30.924"/>
</testsuite> <!-- com.cucumber.HookClass -->
